<<<<<<< HEAD
This is XeTeX, Version 3.14159265-2.6-0.99998 (TeX Live 2017/Debian) (preloaded format=xelatex 2019.2.21)  30 JUN 2020 16:11
=======
This is XeTeX, Version 3.14159265-2.6-0.999991 (TeX Live 2019/Debian) (preloaded format=xelatex 2020.6.16)  7 JUL 2020 11:39
>>>>>>> 15e28ab826a3dfeebde45aae7255c4200be74d70
entering extended mode
 restricted \write18 enabled.
 %&-line parsing enabled.
**main.tex
(./main.tex
LaTeX2e <2020-02-02> patch level 2
L3 programming layer <2020-02-14>
(/usr/share/texlive/texmf-dist/tex/latex/amscls/amsart.cls
Document Class: amsart 2017/10/31 v2.20.4
\linespacing=\dimen134
\normalparindent=\dimen135
\normaltopskip=\skip47
(/usr/share/texlive/texmf-dist/tex/latex/amsmath/amsmath.sty
Package: amsmath 2020/01/20 v2.17e AMS math features
\@mathmargin=\skip48

For additional information on amsmath, use the `?' option.
(/usr/share/texlive/texmf-dist/tex/latex/amsmath/amstext.sty
Package: amstext 2000/06/29 v2.01 AMS text

(/usr/share/texlive/texmf-dist/tex/latex/amsmath/amsgen.sty
File: amsgen.sty 1999/11/30 v2.0 generic functions
\@emptytoks=\toks14
\ex@=\dimen136
))
(/usr/share/texlive/texmf-dist/tex/latex/amsmath/amsbsy.sty
Package: amsbsy 1999/11/29 v1.2d Bold Symbols
\pmbraise@=\dimen137
)
(/usr/share/texlive/texmf-dist/tex/latex/amsmath/amsopn.sty
Package: amsopn 2016/03/08 v2.02 operator names
)
\inf@bad=\count163
LaTeX Info: Redefining \frac on input line 227.
\uproot@=\count164
\leftroot@=\count165
LaTeX Info: Redefining \overline on input line 389.
\classnum@=\count166
\DOTSCASE@=\count167
LaTeX Info: Redefining \ldots on input line 486.
LaTeX Info: Redefining \dots on input line 489.
LaTeX Info: Redefining \cdots on input line 610.
\Mathstrutbox@=\box45
\strutbox@=\box46
\big@size=\dimen138
LaTeX Font Info:    Redeclaring font encoding OML on input line 733.
LaTeX Font Info:    Redeclaring font encoding OMS on input line 734.
\macc@depth=\count168
\c@MaxMatrixCols=\count169
\dotsspace@=\muskip16
\c@parentequation=\count170
\dspbrk@lvl=\count171
\tag@help=\toks15
\row@=\count172
\column@=\count173
\maxfields@=\count174
\andhelp@=\toks16
\eqnshift@=\dimen139
\alignsep@=\dimen140
\tagshift@=\dimen141
\tagwidth@=\dimen142
\totwidth@=\dimen143
\lineht@=\dimen144
\@envbody=\toks17
\multlinegap=\skip49
\multlinetaggap=\skip50
\mathdisplay@stack=\toks18
LaTeX Info: Redefining \[ on input line 2859.
LaTeX Info: Redefining \] on input line 2860.
)
LaTeX Font Info:    Trying to load font information for U+msa on input line 398
.

(/usr/share/texlive/texmf-dist/tex/latex/amsfonts/umsa.fd
File: umsa.fd 2013/01/14 v3.01 AMS symbols A
)
(/usr/share/texlive/texmf-dist/tex/latex/amsfonts/amsfonts.sty
Package: amsfonts 2013/01/14 v3.01 Basic AMSFonts support
\symAMSa=\mathgroup4
\symAMSb=\mathgroup5
LaTeX Font Info:    Redeclaring math symbol \hbar on input line 98.
LaTeX Font Info:    Overwriting math alphabet `\mathfrak' in version `bold'
(Font)                  U/euf/m/n --> U/euf/b/n on input line 106.
)
\copyins=\insert199
\abstractbox=\box47
\listisep=\skip51
\c@part=\count175
\c@section=\count176
\c@subsection=\count177
\c@subsubsection=\count178
\c@paragraph=\count179
\c@subparagraph=\count180
\c@figure=\count181
\c@table=\count182
\abovecaptionskip=\skip52
\belowcaptionskip=\skip53
\captionindent=\dimen145
\thm@style=\toks19
\thm@bodyfont=\toks20
\thm@headfont=\toks21
\thm@notefont=\toks22
\thm@headpunct=\toks23
\thm@preskip=\skip54
\thm@postskip=\skip55
\thm@headsep=\skip56
\dth@everypar=\toks24
) (./wyz.sty
(/usr/share/texlive/texmf-dist/tex/latex/amsfonts/amssymb.sty
Package: amssymb 2013/01/14 v3.01 AMS font symbols
)
(/usr/share/texlive/texmf-dist/tex/latex/base/latexsym.sty
Package: latexsym 1998/08/17 v2.2e Standard LaTeX package (lasy symbols)
\symlasy=\mathgroup6
LaTeX Font Info:    Overwriting symbol font `lasy' in version `bold'
(Font)                  U/lasy/m/n --> U/lasy/b/n on input line 52.
)
(/usr/share/texlive/texmf-dist/tex/latex/amscls/upref.sty
Package: upref 2007/03/14 v2.04
)
(/usr/share/texlive/texmf-dist/tex/latex/amsfonts/eucal.sty
Package: eucal 2009/06/22 v3.00 Euler Script fonts
LaTeX Font Info:    Overwriting math alphabet `\EuScript' in version `bold'
(Font)                  U/eus/m/n --> U/eus/b/n on input line 33.
)
(/usr/share/texlive/texmf-dist/tex/latex/jknapltx/mathrsfs.sty
Package: mathrsfs 1996/01/01 Math RSFS package v1.0 (jk)
\symrsfs=\mathgroup7
)
(/usr/share/texlive/texmf-dist/tex/latex/marginnote/marginnote.sty
Package: marginnote 2018/08/09 v1.4b non floating margin notes for LaTeX
\c@mn@abspage=\count183
)
(/usr/share/texlive/texmf-dist/tex/latex/hyperref/hyperref.sty
Package: hyperref 2020/01/14 v7.00d Hypertext links for LaTeX

(/usr/share/texlive/texmf-dist/tex/generic/ltxcmds/ltxcmds.sty
Package: ltxcmds 2019/12/15 v1.24 LaTeX kernel commands for general use (HO)
)
(/usr/share/texlive/texmf-dist/tex/generic/iftex/iftex.sty
Package: iftex 2019/11/07 v1.0c TeX engine tests
)
(/usr/share/texlive/texmf-dist/tex/latex/pdftexcmds/pdftexcmds.sty
Package: pdftexcmds 2019/11/24 v0.31 Utility functions of pdfTeX for LuaTeX (HO
)

(/usr/share/texlive/texmf-dist/tex/generic/infwarerr/infwarerr.sty
Package: infwarerr 2019/12/03 v1.5 Providing info/warning/error messages (HO)
)
Package pdftexcmds Info: \pdf@primitive is available.
Package pdftexcmds Info: \pdf@ifprimitive is available.
Package pdftexcmds Info: \pdfdraftmode not found.
)
(/usr/share/texlive/texmf-dist/tex/latex/graphics/keyval.sty
Package: keyval 2014/10/28 v1.15 key=value parser (DPC)
\KV@toks@=\toks25
)
(/usr/share/texlive/texmf-dist/tex/generic/kvsetkeys/kvsetkeys.sty
Package: kvsetkeys 2019/12/15 v1.18 Key value parser (HO)
)
(/usr/share/texlive/texmf-dist/tex/generic/kvdefinekeys/kvdefinekeys.sty
Package: kvdefinekeys 2019-12-19 v1.6 Define keys (HO)
)
(/usr/share/texlive/texmf-dist/tex/generic/pdfescape/pdfescape.sty
Package: pdfescape 2019/12/09 v1.15 Implements pdfTeX's escape features (HO)
)
(/usr/share/texlive/texmf-dist/tex/latex/hycolor/hycolor.sty
Package: hycolor 2020-01-27 v1.10 Color options for hyperref/bookmark (HO)
)
(/usr/share/texlive/texmf-dist/tex/latex/letltxmacro/letltxmacro.sty
Package: letltxmacro 2019/12/03 v1.6 Let assignment for LaTeX macros (HO)
)
(/usr/share/texlive/texmf-dist/tex/latex/auxhook/auxhook.sty
Package: auxhook 2019-12-17 v1.6 Hooks for auxiliary files (HO)
)
(/usr/share/texlive/texmf-dist/tex/latex/kvoptions/kvoptions.sty
Package: kvoptions 2019/11/29 v3.13 Key value format for package options (HO)
)
\@linkdim=\dimen146
\Hy@linkcounter=\count184
\Hy@pagecounter=\count185

(/usr/share/texlive/texmf-dist/tex/latex/hyperref/pd1enc.def
File: pd1enc.def 2020/01/14 v7.00d Hyperref: PDFDocEncoding definition (HO)
)
(/usr/share/texlive/texmf-dist/tex/generic/intcalc/intcalc.sty
Package: intcalc 2019/12/15 v1.3 Expandable calculations with integers (HO)
)
(/usr/share/texlive/texmf-dist/tex/generic/etexcmds/etexcmds.sty
Package: etexcmds 2019/12/15 v1.7 Avoid name clashes with e-TeX commands (HO)
)
\Hy@SavedSpaceFactor=\count186
Package hyperref Info: Hyper figures OFF on input line 4547.
Package hyperref Info: Link nesting OFF on input line 4552.
Package hyperref Info: Hyper index ON on input line 4555.
Package hyperref Info: Plain pages OFF on input line 4562.
Package hyperref Info: Backreferencing OFF on input line 4567.
Package hyperref Info: Implicit mode ON; LaTeX internals redefined.
Package hyperref Info: Bookmarks ON on input line 4800.
\c@Hy@tempcnt=\count187

(/usr/share/texlive/texmf-dist/tex/latex/url/url.sty
\Urlmuskip=\muskip17
Package: url 2013/09/16  ver 3.4  Verb mode for urls, etc.
)
LaTeX Info: Redefining \url on input line 5159.
\XeTeXLinkMargin=\dimen147

(/usr/share/texlive/texmf-dist/tex/generic/bitset/bitset.sty
Package: bitset 2019/12/09 v1.3 Handle bit-vector datatype (HO)

(/usr/share/texlive/texmf-dist/tex/generic/bigintcalc/bigintcalc.sty
Package: bigintcalc 2019/12/15 v1.5 Expandable calculations on big integers (HO
)
))
\Fld@menulength=\count188
\Field@Width=\dimen148
\Fld@charsize=\dimen149
Package hyperref Info: Hyper figures OFF on input line 6430.
Package hyperref Info: Link nesting OFF on input line 6435.
Package hyperref Info: Hyper index ON on input line 6438.
Package hyperref Info: backreferencing OFF on input line 6445.
Package hyperref Info: Link coloring OFF on input line 6450.
Package hyperref Info: Link coloring with OCG OFF on input line 6455.
Package hyperref Info: PDF/A mode OFF on input line 6460.
LaTeX Info: Redefining \ref on input line 6500.
LaTeX Info: Redefining \pageref on input line 6504.

(/usr/share/texlive/texmf-dist/tex/generic/atbegshi/atbegshi.sty
Package: atbegshi 2019/12/05 v1.19 At begin shipout hook (HO)
)
\Hy@abspage=\count189
\c@Item=\count190
\c@Hfootnote=\count191
)
Package hyperref Info: Driver (autodetected): hxetex.

(/usr/share/texlive/texmf-dist/tex/latex/hyperref/hxetex.def
File: hxetex.def 2020/01/14 v7.00d Hyperref driver for XeTeX

(/usr/share/texlive/texmf-dist/tex/latex/hyperref/puenc.def
File: puenc.def 2020/01/14 v7.00d Hyperref: PDF Unicode definition (HO)
)
(/usr/share/texlive/texmf-dist/tex/generic/stringenc/stringenc.sty
Package: stringenc 2019/11/29 v1.12 Convert strings between diff. encodings (HO
)
)
\pdfm@box=\box48
\c@Hy@AnnotLevel=\count192
\HyField@AnnotCount=\count193
\Fld@listcount=\count194
\c@bookmark@seq@number=\count195

(/usr/share/texlive/texmf-dist/tex/latex/rerunfilecheck/rerunfilecheck.sty
Package: rerunfilecheck 2019/12/05 v1.9 Rerun checks for auxiliary files (HO)

(/usr/share/texlive/texmf-dist/tex/latex/atveryend/atveryend.sty
Package: atveryend 2019-12-11 v1.11 Hooks at the very end of document (HO)
Package atveryend Info: \enddocument detected (standard20110627).
)
(/usr/share/texlive/texmf-dist/tex/generic/uniquecounter/uniquecounter.sty
Package: uniquecounter 2019/12/15 v1.4 Provide unlimited unique counter (HO)
)
Package uniquecounter Info: New unique counter `rerunfilecheck' on input line 2
86.
)
\Hy@SectionHShift=\skip57
)
(/usr/share/texlive/texmf-dist/tex/latex/breqn/breqn.sty
(/usr/share/texlive/texmf-dist/tex/latex/l3kernel/expl3.sty
Package: expl3 2020-02-14 L3 programming layer (loader) 

(/usr/share/texlive/texmf-dist/tex/latex/l3backend/l3backend-xdvipdfmx.def
File: l3backend-xdvipdfmx.def 2020-02-03 L3 backend support: xdvipdfmx
\g__graphics_track_int=\count196
\l__pdf_internal_box=\box49
\g__pdf_backend_object_int=\count197
\g__pdf_backend_annotation_int=\count198
))
Package: breqn 2020/02/16 v0.98h Breaking equations

(/usr/share/texlive/texmf-dist/tex/latex/graphics/graphicx.sty
Package: graphicx 2019/11/30 v1.2a Enhanced LaTeX Graphics (DPC,SPQR)

(/usr/share/texlive/texmf-dist/tex/latex/graphics/graphics.sty
Package: graphics 2019/11/30 v1.4a Standard LaTeX Graphics (DPC,SPQR)

(/usr/share/texlive/texmf-dist/tex/latex/graphics/trig.sty
Package: trig 2016/01/03 v1.10 sin cos tan (DPC)
)
(/usr/share/texlive/texmf-dist/tex/latex/graphics-cfg/graphics.cfg
File: graphics.cfg 2016/06/04 v1.11 sample graphics configuration
)
Package graphics Info: Driver file: xetex.def on input line 105.

(/usr/share/texlive/texmf-dist/tex/latex/graphics-def/xetex.def
File: xetex.def 2017/06/24 v5.0h Graphics/color driver for xetex
))
\Gin@req@height=\dimen150
\Gin@req@width=\dimen151
)
(/usr/share/texlive/texmf-dist/tex/latex/breqn/flexisym.sty
Package: flexisym 2020/02/16 v0.98h Make math characters macros
LaTeX Info: Redefining \textprime on input line 298.
LaTeX Info: Redefining \not on input line 356.

(/usr/share/texlive/texmf-dist/tex/latex/breqn/cmbase.sym
File: cmbase.sym 2007/12/19 v0.92
LaTeX Info: Redefining \hbar on input line 323.
LaTeX Info: Redefining \surd on input line 325.
LaTeX Info: Redefining \angle on input line 333.
LaTeX Info: Redefining \neq on input line 334.
LaTeX Info: Redefining \mapsto on input line 335.
LaTeX Info: Redefining \cong on input line 336.
LaTeX Info: Redefining \notin on input line 339.
LaTeX Info: Redefining \rightleftharpoons on input line 340.
LaTeX Info: Redefining \doteq on input line 341.
LaTeX Info: Redefining \hookrightarrow on input line 342.
LaTeX Info: Redefining \hookleftarrow on input line 343.
LaTeX Info: Redefining \bowtie on input line 344.
LaTeX Info: Redefining \models on input line 345.
LaTeX Info: Redefining \Longrightarrow on input line 346.
LaTeX Info: Redefining \longrightarrow on input line 347.
LaTeX Info: Redefining \Longleftarrow on input line 348.
LaTeX Info: Redefining \longleftarrow on input line 349.
LaTeX Info: Redefining \longmapsto on input line 350.
LaTeX Info: Redefining \longleftrightarrow on input line 351.
LaTeX Info: Redefining \Longleftrightarrow on input line 352.
LaTeX Info: Redefining \cdots on input line 356.
LaTeX Info: Redefining \vdots on input line 359.
LaTeX Info: Redefining \ddots on input line 364.
)
(/usr/share/texlive/texmf-dist/tex/latex/breqn/mathstyle.sty
Package: mathstyle 2020/02/16 v0.98h Tracking mathstyle implicitly
LaTeX Info: Redefining \displaystyle on input line 93.
LaTeX Info: Redefining \textstyle on input line 95.
LaTeX Info: Redefining \scriptstyle on input line 97.
LaTeX Info: Redefining \scriptscriptstyle on input line 99.
LaTeX Info: Redefining \genfrac on input line 145.
))
(/usr/share/texlive/texmf-dist/tex/latex/tools/calc.sty
Package: calc 2017/05/25 v4.3 Infix arithmetic (KKT,FJ)
\calc@Acount=\count266
\calc@Bcount=\count267
\calc@Adimen=\dimen152
\calc@Bdimen=\dimen153
\calc@Askip=\skip58
\calc@Bskip=\skip59
LaTeX Info: Redefining \setlength on input line 80.
LaTeX Info: Redefining \addtolength on input line 81.
\calc@Ccount=\count268
\calc@Cskip=\skip60
)
\inf@bad=\count269
\maxint=\count270
\listwidth=\dimen154
\eqnumsep=\dimen155
\eqmargin=\dimen156
\eqlinespacing=\skip61
\eqlineskip=\skip62
\eqlineskiplimit=\dimen157
\eqbinoffset=\muskip18
\eqdelimoffset=\muskip19
\eqindentstep=\dimen158
\eqstyle=\toks26
\eqbreakdepth=\count271
\eqinterlinepenalty=\count272
\intereqpenalty=\count273
\intereqskip=\skip63
\prerelpenalty=\count274
\prebinoppenalty=\count275
\Dmedmuskip=\muskip20
\Dthickmuskip=\muskip21
\eqleftskip=\skip64
\eqrightskip=\skip65
\eq@vspan=\skip66
\eq@binoffset=\muskip22
\EQ@box=\box50
\EQ@copy=\box51
\EQ@numbox=\box52
\eq@wdNum=\dimen159
\GRP@numbox=\box53
\grp@wdNum=\dimen160
\eq@lines=\count276
\eq@curline=\count277
\eq@badness=\count278
\EQ@vims=\count279
\eq@dp=\dimen161
\eq@wdL=\dimen162
\eq@wdT=\dimen163
\eq@wdMin=\dimen164
\grp@wdL=\dimen165
\grp@wdR=\dimen166
\grp@wdT=\dimen167
\eq@wdRmax=\dimen168
\eq@firstht=\dimen169
\eq@wdCond=\dimen170
\eq@indentstep=\dimen171
\eq@linewidth=\dimen172
\grp@linewidth=\dimen173
\eq@hshift=\dimen174
\eq@given@sidespace=\dimen175
\mathindent=\dimen176
\eq@final@linecount=\count280
\eq@wdR=\dimen177
\EQ@continue=\toks27
\lr@level=\count281
\GRP@queue=\toks28
\GRP@box=\box54
\GRP@wholebox=\box55
\darraycolsep=\skip67
\cur@row=\count282
\cur@col=\count283
\conditionsep=\skip68
)
(/usr/share/texlive/texmf-dist/tex/latex/tools/enumerate.sty
Package: enumerate 2015/07/23 v3.00 enumerate extensions (DPC)
\@enLab=\toks29
)
(/usr/share/texlive/texmf-dist/tex/latex/enumitem/enumitem.sty
Package: enumitem 2019/06/20 v3.9 Customized lists
\labelindent=\skip69
\enit@outerparindent=\dimen178
\enit@toks=\toks30
\enit@inbox=\box56
\enit@count@id=\count284
\enitdp@description=\count285
)
(/usr/share/texlive/texmf-dist/tex/latex/geometry/geometry.sty
Package: geometry 2020/01/02 v5.9 Page Geometry

(/usr/share/texlive/texmf-dist/tex/generic/iftex/ifvtex.sty
Package: ifvtex 2019/10/25 v1.7 ifvtex legacy package. Use iftex instead.
)
\Gm@cnth=\count286
\Gm@cntv=\count287
\c@Gm@tempcnt=\count288
\Gm@bindingoffset=\dimen179
\Gm@wd@mp=\dimen180
\Gm@odd@mp=\dimen181
\Gm@even@mp=\dimen182
\Gm@layoutwidth=\dimen183
\Gm@layoutheight=\dimen184
\Gm@layouthoffset=\dimen185
\Gm@layoutvoffset=\dimen186
\Gm@dimlist=\toks31
)
(/usr/share/texlive/texmf-dist/tex/latex/mdframed/mdframed.sty
Package: mdframed 2013/07/01 1.9b: mdframed

(/usr/share/texlive/texmf-dist/tex/latex/l3packages/xparse/xparse.sty
Package: xparse 2020-02-14 L3 Experimental document command parser
\l__xparse_current_arg_int=\count289
\g__xparse_grabber_int=\count290
\l__xparse_m_args_int=\count291
\l__xparse_v_nesting_int=\count292
)
(/usr/share/texlive/texmf-dist/tex/latex/etoolbox/etoolbox.sty
Package: etoolbox 2019/09/21 v2.5h e-TeX tools for LaTeX (JAW)
\etb@tempcnta=\count293


Package etoolbox Warning: Patching '\end' failed!
(etoolbox)                '\AfterEndEnvironment' will not work.

) (/usr/share/texlive/texmf-dist/tex/latex/zref/zref-abspage.sty
Package: zref-abspage 2019/11/29 v2.28 Module abspage for zref (HO)

(/usr/share/texlive/texmf-dist/tex/latex/zref/zref-base.sty
Package: zref-base 2019/11/29 v2.28 Module base for zref (HO)
Package zref Info: New property list: main on input line 763.
Package zref Info: New property: default on input line 764.
Package zref Info: New property: page on input line 765.
)
\c@abspage=\count294
Package zref Info: New property: abspage on input line 66.
)
(/usr/share/texlive/texmf-dist/tex/latex/needspace/needspace.sty
Package: needspace 2010/09/12 v1.3d reserve vertical space
)
(/usr/share/texlive/texmf-dist/tex/latex/graphics/color.sty
Package: color 2019/11/23 v1.2a Standard LaTeX Color (DPC)

(/usr/share/texlive/texmf-dist/tex/latex/graphics-cfg/color.cfg
File: color.cfg 2016/01/02 v1.6 sample color configuration
)
Package color Info: Driver file: xetex.def on input line 147.
)
\mdf@templength=\skip70
\c@mdf@globalstyle@cnt=\count295
\mdf@skipabove@length=\skip71
\mdf@skipbelow@length=\skip72
\mdf@leftmargin@length=\skip73
\mdf@rightmargin@length=\skip74
\mdf@innerleftmargin@length=\skip75
\mdf@innerrightmargin@length=\skip76
\mdf@innertopmargin@length=\skip77
\mdf@innerbottommargin@length=\skip78
\mdf@splittopskip@length=\skip79
\mdf@splitbottomskip@length=\skip80
\mdf@outermargin@length=\skip81
\mdf@innermargin@length=\skip82
\mdf@linewidth@length=\skip83
\mdf@innerlinewidth@length=\skip84
\mdf@middlelinewidth@length=\skip85
\mdf@outerlinewidth@length=\skip86
\mdf@roundcorner@length=\skip87
\mdf@footenotedistance@length=\skip88
\mdf@userdefinedwidth@length=\skip89
\mdf@needspace@length=\skip90
\mdf@frametitleaboveskip@length=\skip91
\mdf@frametitlebelowskip@length=\skip92
\mdf@frametitlerulewidth@length=\skip93
\mdf@frametitleleftmargin@length=\skip94
\mdf@frametitlerightmargin@length=\skip95
\mdf@shadowsize@length=\skip96
\mdf@extratopheight@length=\skip97
\mdf@subtitleabovelinewidth@length=\skip98
\mdf@subtitlebelowlinewidth@length=\skip99
\mdf@subtitleaboveskip@length=\skip100
\mdf@subtitlebelowskip@length=\skip101
\mdf@subtitleinneraboveskip@length=\skip102
\mdf@subtitleinnerbelowskip@length=\skip103
\mdf@subsubtitleabovelinewidth@length=\skip104
\mdf@subsubtitlebelowlinewidth@length=\skip105
\mdf@subsubtitleaboveskip@length=\skip106
\mdf@subsubtitlebelowskip@length=\skip107
\mdf@subsubtitleinneraboveskip@length=\skip108
\mdf@subsubtitleinnerbelowskip@length=\skip109

(/usr/share/texlive/texmf-dist/tex/latex/mdframed/md-frame-0.mdf
File: md-frame-0.mdf 2013/07/01\ 1.9b: md-frame-0
)
\mdf@frametitlebox=\box57
\mdf@footnotebox=\box58
\mdf@splitbox@one=\box59
\mdf@splitbox@two=\box60
\mdf@splitbox@save=\box61
\mdfsplitboxwidth=\skip110
\mdfsplitboxtotalwidth=\skip111
\mdfsplitboxheight=\skip112
\mdfsplitboxdepth=\skip113
\mdfsplitboxtotalheight=\skip114
\mdfframetitleboxwidth=\skip115
\mdfframetitleboxtotalwidth=\skip116
\mdfframetitleboxheight=\skip117
\mdfframetitleboxdepth=\skip118
\mdfframetitleboxtotalheight=\skip119
\mdffootnoteboxwidth=\skip120
\mdffootnoteboxtotalwidth=\skip121
\mdffootnoteboxheight=\skip122
\mdffootnoteboxdepth=\skip123
\mdffootnoteboxtotalheight=\skip124
\mdftotallinewidth=\skip125
\mdfboundingboxwidth=\skip126
\mdfboundingboxtotalwidth=\skip127
\mdfboundingboxheight=\skip128
\mdfboundingboxdepth=\skip129
\mdfboundingboxtotalheight=\skip130
\mdf@freevspace@length=\skip131
\mdf@horizontalwidthofbox@length=\skip132
\mdf@verticalmarginwhole@length=\skip133
\mdf@horizontalspaceofbox=\skip134
\mdfsubtitleheight=\skip135
\mdfsubsubtitleheight=\skip136
\c@mdfcountframes=\count296

****** mdframed patching \endmdf@trivlist

****** -- success******

\mdf@envdepth=\count297
\c@mdf@env@i=\count298
\c@mdf@env@ii=\count299
\c@mdf@zref@counter=\count300
Package zref Info: New property: mdf@pagevalue on input line 895.
)
(/usr/share/texlive/texmf-dist/tex/latex/xcolor/xcolor.sty
Package: xcolor 2016/05/11 v2.12 LaTeX color extensions (UK)

(/usr/share/texlive/texmf-dist/tex/latex/graphics-cfg/color.cfg
File: color.cfg 2016/01/02 v1.6 sample color configuration
)
Package xcolor Info: Driver file: xetex.def on input line 225.
LaTeX Info: Redefining \color on input line 709.
Package xcolor Info: Model `cmy' substituted by `cmy0' on input line 1348.
Package xcolor Info: Model `RGB' extended on input line 1364.
Package xcolor Info: Model `HTML' substituted by `rgb' on input line 1366.
Package xcolor Info: Model `Hsb' substituted by `hsb' on input line 1367.
Package xcolor Info: Model `tHsb' substituted by `hsb' on input line 1368.
Package xcolor Info: Model `HSB' substituted by `hsb' on input line 1369.
Package xcolor Info: Model `Gray' substituted by `gray' on input line 1370.
Package xcolor Info: Model `wave' substituted by `hsb' on input line 1371.
)
(/usr/share/texlive/texmf-dist/tex/latex/pgf/frontendlayer/tikz.sty
(/usr/share/texlive/texmf-dist/tex/latex/pgf/basiclayer/pgf.sty
(/usr/share/texlive/texmf-dist/tex/latex/pgf/utilities/pgfrcs.sty
(/usr/share/texlive/texmf-dist/tex/generic/pgf/utilities/pgfutil-common.tex
\pgfutil@everybye=\toks32
\pgfutil@tempdima=\dimen187
\pgfutil@tempdimb=\dimen188

(/usr/share/texlive/texmf-dist/tex/generic/pgf/utilities/pgfutil-common-lists.t
ex)) (/usr/share/texlive/texmf-dist/tex/generic/pgf/utilities/pgfutil-latex.def
\pgfutil@abb=\box62
(/usr/share/texlive/texmf-dist/tex/latex/ms/everyshi.sty
Package: everyshi 2001/05/15 v3.00 EveryShipout Package (MS)
))
(/usr/share/texlive/texmf-dist/tex/generic/pgf/utilities/pgfrcs.code.tex
(/usr/share/texlive/texmf-dist/tex/generic/pgf/pgf.revision.tex)
Package: pgfrcs 2020/01/08 v3.1.5b (3.1.5b)
))
Package: pgf 2020/01/08 v3.1.5b (3.1.5b)

(/usr/share/texlive/texmf-dist/tex/latex/pgf/basiclayer/pgfcore.sty
(/usr/share/texlive/texmf-dist/tex/latex/pgf/systemlayer/pgfsys.sty
(/usr/share/texlive/texmf-dist/tex/generic/pgf/systemlayer/pgfsys.code.tex
Package: pgfsys 2020/01/08 v3.1.5b (3.1.5b)

(/usr/share/texlive/texmf-dist/tex/generic/pgf/utilities/pgfkeys.code.tex
\pgfkeys@pathtoks=\toks33
\pgfkeys@temptoks=\toks34

(/usr/share/texlive/texmf-dist/tex/generic/pgf/utilities/pgfkeysfiltered.code.t
ex
\pgfkeys@tmptoks=\toks35
))
\pgf@x=\dimen189
\pgf@y=\dimen190
\pgf@xa=\dimen191
\pgf@ya=\dimen192
\pgf@xb=\dimen193
\pgf@yb=\dimen194
\pgf@xc=\dimen195
\pgf@yc=\dimen196
\pgf@xd=\dimen197
\pgf@yd=\dimen198
\w@pgf@writea=\write3
\r@pgf@reada=\read2
\c@pgf@counta=\count301
\c@pgf@countb=\count302
\c@pgf@countc=\count303
\c@pgf@countd=\count304
\t@pgf@toka=\toks36
\t@pgf@tokb=\toks37
\t@pgf@tokc=\toks38
\pgf@sys@id@count=\count305
 (/usr/share/texlive/texmf-dist/tex/generic/pgf/systemlayer/pgf.cfg
File: pgf.cfg 2020/01/08 v3.1.5b (3.1.5b)
)
Driver file for pgf: pgfsys-xetex.def

(/usr/share/texlive/texmf-dist/tex/generic/pgf/systemlayer/pgfsys-xetex.def
File: pgfsys-xetex.def 2020/01/08 v3.1.5b (3.1.5b)

(/usr/share/texlive/texmf-dist/tex/generic/pgf/systemlayer/pgfsys-dvipdfmx.def
File: pgfsys-dvipdfmx.def 2020/01/08 v3.1.5b (3.1.5b)

(/usr/share/texlive/texmf-dist/tex/generic/pgf/systemlayer/pgfsys-common-pdf.de
f
File: pgfsys-common-pdf.def 2020/01/08 v3.1.5b (3.1.5b)
)
\pgfsys@objnum=\count306
)))
(/usr/share/texlive/texmf-dist/tex/generic/pgf/systemlayer/pgfsyssoftpath.code.
tex
File: pgfsyssoftpath.code.tex 2020/01/08 v3.1.5b (3.1.5b)
\pgfsyssoftpath@smallbuffer@items=\count307
\pgfsyssoftpath@bigbuffer@items=\count308
)
(/usr/share/texlive/texmf-dist/tex/generic/pgf/systemlayer/pgfsysprotocol.code.
tex
File: pgfsysprotocol.code.tex 2020/01/08 v3.1.5b (3.1.5b)
))
(/usr/share/texlive/texmf-dist/tex/generic/pgf/basiclayer/pgfcore.code.tex
Package: pgfcore 2020/01/08 v3.1.5b (3.1.5b)

(/usr/share/texlive/texmf-dist/tex/generic/pgf/math/pgfmath.code.tex
(/usr/share/texlive/texmf-dist/tex/generic/pgf/math/pgfmathcalc.code.tex
(/usr/share/texlive/texmf-dist/tex/generic/pgf/math/pgfmathutil.code.tex)
(/usr/share/texlive/texmf-dist/tex/generic/pgf/math/pgfmathparser.code.tex
\pgfmath@dimen=\dimen256
\pgfmath@count=\count309
\pgfmath@box=\box63
\pgfmath@toks=\toks39
\pgfmath@stack@operand=\toks40
\pgfmath@stack@operation=\toks41
)
(/usr/share/texlive/texmf-dist/tex/generic/pgf/math/pgfmathfunctions.code.tex
(/usr/share/texlive/texmf-dist/tex/generic/pgf/math/pgfmathfunctions.basic.code
.tex)
(/usr/share/texlive/texmf-dist/tex/generic/pgf/math/pgfmathfunctions.trigonomet
ric.code.tex)
(/usr/share/texlive/texmf-dist/tex/generic/pgf/math/pgfmathfunctions.random.cod
e.tex)
(/usr/share/texlive/texmf-dist/tex/generic/pgf/math/pgfmathfunctions.comparison
.code.tex)
(/usr/share/texlive/texmf-dist/tex/generic/pgf/math/pgfmathfunctions.base.code.
tex)
(/usr/share/texlive/texmf-dist/tex/generic/pgf/math/pgfmathfunctions.round.code
.tex)
(/usr/share/texlive/texmf-dist/tex/generic/pgf/math/pgfmathfunctions.misc.code.
tex)
(/usr/share/texlive/texmf-dist/tex/generic/pgf/math/pgfmathfunctions.integerari
thmetics.code.tex)))
(/usr/share/texlive/texmf-dist/tex/generic/pgf/math/pgfmathfloat.code.tex
\c@pgfmathroundto@lastzeros=\count310
))
(/usr/share/texlive/texmf-dist/tex/generic/pgf/math/pgfint.code.tex)
(/usr/share/texlive/texmf-dist/tex/generic/pgf/basiclayer/pgfcorepoints.code.te
x
File: pgfcorepoints.code.tex 2020/01/08 v3.1.5b (3.1.5b)
\pgf@picminx=\dimen257
\pgf@picmaxx=\dimen258
\pgf@picminy=\dimen259
\pgf@picmaxy=\dimen260
\pgf@pathminx=\dimen261
\pgf@pathmaxx=\dimen262
\pgf@pathminy=\dimen263
\pgf@pathmaxy=\dimen264
\pgf@xx=\dimen265
\pgf@xy=\dimen266
\pgf@yx=\dimen267
\pgf@yy=\dimen268
\pgf@zx=\dimen269
\pgf@zy=\dimen270
)
(/usr/share/texlive/texmf-dist/tex/generic/pgf/basiclayer/pgfcorepathconstruct.
code.tex
File: pgfcorepathconstruct.code.tex 2020/01/08 v3.1.5b (3.1.5b)
\pgf@path@lastx=\dimen271
\pgf@path@lasty=\dimen272
)
(/usr/share/texlive/texmf-dist/tex/generic/pgf/basiclayer/pgfcorepathusage.code
.tex
File: pgfcorepathusage.code.tex 2020/01/08 v3.1.5b (3.1.5b)
\pgf@shorten@end@additional=\dimen273
\pgf@shorten@start@additional=\dimen274
)
(/usr/share/texlive/texmf-dist/tex/generic/pgf/basiclayer/pgfcorescopes.code.te
x
File: pgfcorescopes.code.tex 2020/01/08 v3.1.5b (3.1.5b)
\pgfpic=\box64
\pgf@hbox=\box65
\pgf@layerbox@main=\box66
\pgf@picture@serial@count=\count311
)
(/usr/share/texlive/texmf-dist/tex/generic/pgf/basiclayer/pgfcoregraphicstate.c
ode.tex
File: pgfcoregraphicstate.code.tex 2020/01/08 v3.1.5b (3.1.5b)
\pgflinewidth=\dimen275
)
(/usr/share/texlive/texmf-dist/tex/generic/pgf/basiclayer/pgfcoretransformation
s.code.tex
File: pgfcoretransformations.code.tex 2020/01/08 v3.1.5b (3.1.5b)
\pgf@pt@x=\dimen276
\pgf@pt@y=\dimen277
\pgf@pt@temp=\dimen278
)
(/usr/share/texlive/texmf-dist/tex/generic/pgf/basiclayer/pgfcorequick.code.tex
File: pgfcorequick.code.tex 2020/01/08 v3.1.5b (3.1.5b)
)
(/usr/share/texlive/texmf-dist/tex/generic/pgf/basiclayer/pgfcoreobjects.code.t
ex
File: pgfcoreobjects.code.tex 2020/01/08 v3.1.5b (3.1.5b)
)
(/usr/share/texlive/texmf-dist/tex/generic/pgf/basiclayer/pgfcorepathprocessing
.code.tex
File: pgfcorepathprocessing.code.tex 2020/01/08 v3.1.5b (3.1.5b)
)
(/usr/share/texlive/texmf-dist/tex/generic/pgf/basiclayer/pgfcorearrows.code.te
x
File: pgfcorearrows.code.tex 2020/01/08 v3.1.5b (3.1.5b)
\pgfarrowsep=\dimen279
)
(/usr/share/texlive/texmf-dist/tex/generic/pgf/basiclayer/pgfcoreshade.code.tex
File: pgfcoreshade.code.tex 2020/01/08 v3.1.5b (3.1.5b)
\pgf@max=\dimen280
\pgf@sys@shading@range@num=\count312
\pgf@shadingcount=\count313
)
(/usr/share/texlive/texmf-dist/tex/generic/pgf/basiclayer/pgfcoreimage.code.tex
File: pgfcoreimage.code.tex 2020/01/08 v3.1.5b (3.1.5b)

(/usr/share/texlive/texmf-dist/tex/generic/pgf/basiclayer/pgfcoreexternal.code.
tex
File: pgfcoreexternal.code.tex 2020/01/08 v3.1.5b (3.1.5b)
\pgfexternal@startupbox=\box67
))
(/usr/share/texlive/texmf-dist/tex/generic/pgf/basiclayer/pgfcorelayers.code.te
x
File: pgfcorelayers.code.tex 2020/01/08 v3.1.5b (3.1.5b)
)
(/usr/share/texlive/texmf-dist/tex/generic/pgf/basiclayer/pgfcoretransparency.c
ode.tex
File: pgfcoretransparency.code.tex 2020/01/08 v3.1.5b (3.1.5b)
)
(/usr/share/texlive/texmf-dist/tex/generic/pgf/basiclayer/pgfcorepatterns.code.
tex
File: pgfcorepatterns.code.tex 2020/01/08 v3.1.5b (3.1.5b)
)
(/usr/share/texlive/texmf-dist/tex/generic/pgf/basiclayer/pgfcorerdf.code.tex
File: pgfcorerdf.code.tex 2020/01/08 v3.1.5b (3.1.5b)
)))
(/usr/share/texlive/texmf-dist/tex/generic/pgf/modules/pgfmoduleshapes.code.tex
File: pgfmoduleshapes.code.tex 2020/01/08 v3.1.5b (3.1.5b)
\pgfnodeparttextbox=\box68
) (/usr/share/texlive/texmf-dist/tex/generic/pgf/modules/pgfmoduleplot.code.tex
File: pgfmoduleplot.code.tex 2020/01/08 v3.1.5b (3.1.5b)
)
(/usr/share/texlive/texmf-dist/tex/latex/pgf/compatibility/pgfcomp-version-0-65
.sty
Package: pgfcomp-version-0-65 2020/01/08 v3.1.5b (3.1.5b)
\pgf@nodesepstart=\dimen281
\pgf@nodesepend=\dimen282
)
(/usr/share/texlive/texmf-dist/tex/latex/pgf/compatibility/pgfcomp-version-1-18
.sty
Package: pgfcomp-version-1-18 2020/01/08 v3.1.5b (3.1.5b)
)) (/usr/share/texlive/texmf-dist/tex/latex/pgf/utilities/pgffor.sty
(/usr/share/texlive/texmf-dist/tex/latex/pgf/utilities/pgfkeys.sty
(/usr/share/texlive/texmf-dist/tex/generic/pgf/utilities/pgfkeys.code.tex))
(/usr/share/texlive/texmf-dist/tex/latex/pgf/math/pgfmath.sty
(/usr/share/texlive/texmf-dist/tex/generic/pgf/math/pgfmath.code.tex))
(/usr/share/texlive/texmf-dist/tex/generic/pgf/utilities/pgffor.code.tex
Package: pgffor 2020/01/08 v3.1.5b (3.1.5b)

(/usr/share/texlive/texmf-dist/tex/generic/pgf/math/pgfmath.code.tex)
\pgffor@iter=\dimen283
\pgffor@skip=\dimen284
\pgffor@stack=\toks42
\pgffor@toks=\toks43
))
(/usr/share/texlive/texmf-dist/tex/generic/pgf/frontendlayer/tikz/tikz.code.tex
Package: tikz 2020/01/08 v3.1.5b (3.1.5b)

(/usr/share/texlive/texmf-dist/tex/generic/pgf/libraries/pgflibraryplothandlers
.code.tex
File: pgflibraryplothandlers.code.tex 2020/01/08 v3.1.5b (3.1.5b)
\pgf@plot@mark@count=\count314
\pgfplotmarksize=\dimen285
)
\tikz@lastx=\dimen286
\tikz@lasty=\dimen287
\tikz@lastxsaved=\dimen288
\tikz@lastysaved=\dimen289
\tikz@lastmovetox=\dimen290
\tikz@lastmovetoy=\dimen291
\tikzleveldistance=\dimen292
\tikzsiblingdistance=\dimen293
\tikz@figbox=\box69
\tikz@figbox@bg=\box70
\tikz@tempbox=\box71
\tikz@tempbox@bg=\box72
\tikztreelevel=\count315
\tikznumberofchildren=\count316
\tikznumberofcurrentchild=\count317
\tikz@fig@count=\count318

(/usr/share/texlive/texmf-dist/tex/generic/pgf/modules/pgfmodulematrix.code.tex
File: pgfmodulematrix.code.tex 2020/01/08 v3.1.5b (3.1.5b)
\pgfmatrixcurrentrow=\count319
\pgfmatrixcurrentcolumn=\count320
\pgf@matrix@numberofcolumns=\count321
)
\tikz@expandcount=\count322

(/usr/share/texlive/texmf-dist/tex/generic/pgf/frontendlayer/tikz/libraries/tik
zlibrarytopaths.code.tex
File: tikzlibrarytopaths.code.tex 2020/01/08 v3.1.5b (3.1.5b)
)))

! LaTeX Error: File `pstricks.sty' not found.

Type X to quit or <RETURN> to proceed,
or enter new name. (Default extension: sty)

Enter file name: 
\c@theorem=\count323

! LaTeX Error: No counter 'thm' defined.

See the LaTeX manual or LaTeX Companion for explanation.
Type  H <return>  for immediate help.
 ...                                              
                                                  
l.40 \newtheorem{lemmma}[thm]{\hskip 2em 引理}
                                            
? S
OK, entering \scrollmode...

! LaTeX Error: No counter 'thm' defined.

See the LaTeX manual or LaTeX Companion for explanation.
Type  H <return>  for immediate help.
 ...                                              
                                                  
l.41 \newtheorem{proposition}[thm]{\hskip 2em 命题}
                                                 
Your command was ignored.
Type  I <command> <return>  to replace it with another command,
or  <return>  to continue without it.

\c@defination=\count324
\c@example=\count325

! LaTeX Error: No counter 'exmp' defined.

See the LaTeX manual or LaTeX Companion for explanation.
Type  H <return>  for immediate help.
 ...                                              
                                                  
l.47 \newtheorem{exercise}[exmp]{\hskip 2em 练习}
                                               
Your command was ignored.
Type  I <command> <return>  to replace it with another command,
or  <return>  to continue without it.

\c@case=\count326
\c@solve=\count327
Package hyperref Info: Option `colorlinks' set `true' on input line 88.
! Undefined control sequence.
l.104 \newgray
              {mygray}{0.9}
The control sequence at the end of the top line
of your error message was never \def'ed. If you have
misspelled it (e.g., `\hobx'), type `I' and the correct
spelling (e.g., `I\hbox'). Otherwise just continue,
and I'll forget about whatever was undefined.


! LaTeX Error: Missing \begin{document}.

See the LaTeX manual or LaTeX Companion for explanation.
Type  H <return>  for immediate help.
 ...                                              
                                                  
l.104 \newgray{m
                ygray}{0.9}
You're in trouble here.  Try typing  <return>  to proceed.
If that doesn't work, type  X <return>  to quit.

)

! LaTeX Error: File `ctex.sty' not found.

Type X to quit or <RETURN> to proceed,
or enter new name. (Default extension: sty)

Enter file name: 

Overfull \hbox (57.03pt too wide) in paragraph at lines 104--5
[]\TU/lmr/m/n/10 mygray0.9
 []

(./main.aux (./scr/chapter1/微积分.aux) (./scr/chapter1/线性代数.aux)
(./scr/chapter1/概率论.tex.aux) (./scr/chapter1/数理统计.tex.aux)
(./scr/chapter1/信息论.tex.aux) (./scr/chapter1/随机过程.tex.aux))
\openout1 = `main.aux'.

LaTeX Font Info:    Checking defaults for OML/cmm/m/it on input line 9.
LaTeX Font Info:    ... okay on input line 9.
LaTeX Font Info:    Checking defaults for OMS/cmsy/m/n on input line 9.
LaTeX Font Info:    ... okay on input line 9.
LaTeX Font Info:    Checking defaults for OT1/cmr/m/n on input line 9.
LaTeX Font Info:    ... okay on input line 9.
LaTeX Font Info:    Checking defaults for T1/cmr/m/n on input line 9.
LaTeX Font Info:    ... okay on input line 9.
LaTeX Font Info:    Checking defaults for TS1/cmr/m/n on input line 9.
LaTeX Font Info:    Trying to load font information for TS1+cmr on input line 9
.

(/usr/share/texlive/texmf-dist/tex/latex/base/ts1cmr.fd
File: ts1cmr.fd 2019/12/16 v2.5j Standard LaTeX font definitions
)
LaTeX Font Info:    ... okay on input line 9.
LaTeX Font Info:    Checking defaults for TU/lmr/m/n on input line 9.
LaTeX Font Info:    ... okay on input line 9.
LaTeX Font Info:    Checking defaults for OMX/cmex/m/n on input line 9.
LaTeX Font Info:    ... okay on input line 9.
LaTeX Font Info:    Checking defaults for U/cmr/m/n on input line 9.
LaTeX Font Info:    ... okay on input line 9.
LaTeX Font Info:    Checking defaults for PD1/pdf/m/n on input line 9.
LaTeX Font Info:    ... okay on input line 9.
LaTeX Font Info:    Checking defaults for PU/pdf/m/n on input line 9.
LaTeX Font Info:    ... okay on input line 9.
LaTeX Font Info:    Trying to load font information for U+msa on input line 9.

(/usr/share/texlive/texmf-dist/tex/latex/amsfonts/umsa.fd
File: umsa.fd 2013/01/14 v3.01 AMS symbols A
)
LaTeX Font Info:    Trying to load font information for U+msb on input line 9.

(/usr/share/texlive/texmf-dist/tex/latex/amsfonts/umsb.fd
File: umsb.fd 2013/01/14 v3.01 AMS symbols B
)
LaTeX Font Info:    Trying to load font information for U+lasy on input line 9.


(/usr/share/texlive/texmf-dist/tex/latex/base/ulasy.fd
File: ulasy.fd 1998/08/17 v2.2e LaTeX symbol font definitions
)
LaTeX Font Info:    Trying to load font information for U+rsfs on input line 9.


(/usr/share/texlive/texmf-dist/tex/latex/jknapltx/ursfs.fd
File: ursfs.fd 1998/03/24 rsfs font definition file (jk)
)
\AtBeginShipoutBox=\box73
Package hyperref Info: Link coloring ON on input line 9.

(/usr/share/texlive/texmf-dist/tex/latex/hyperref/nameref.sty
Package: nameref 2019/09/16 v2.46 Cross-referencing by name of section

(/usr/share/texlive/texmf-dist/tex/latex/refcount/refcount.sty
Package: refcount 2019/12/15 v3.6 Data extraction from label references (HO)
)
(/usr/share/texlive/texmf-dist/tex/generic/gettitlestring/gettitlestring.sty
Package: gettitlestring 2019/12/15 v1.6 Cleanup title references (HO)
)
\c@section@level=\count328
)
LaTeX Info: Redefining \ref on input line 9.
LaTeX Info: Redefining \pageref on input line 9.
LaTeX Info: Redefining \nameref on input line 9.

(./main.out) (./main.out)
\@outlinefile=\write4
\openout4 = `main.out'.


*geometry* driver: auto-detecting
*geometry* detected driver: xetex
*geometry* verbose mode - [ preamble ] result:
* driver: xetex
* paper: <default>
* layout: <same size as paper>
* layoutoffset:(h,v)=(0.0pt,0.0pt)
* modes: twoside 
* h-part:(L,W,R)=(73.71613pt, 430.00462pt, 110.57425pt)
* v-part:(T,H,B)=(95.39737pt, 556.47656pt, 143.09605pt)
* \paperwidth=614.295pt
* \paperheight=794.96999pt
* \textwidth=430.00462pt
* \textheight=556.47656pt
* \oddsidemargin=1.44614pt
* \evensidemargin=38.30426pt
* \topmargin=1.12738pt
* \headheight=8.0pt
* \headsep=14.0pt
* \topskip=10.0pt
* \footskip=12.0pt
* \marginparwidth=90.0pt
* \marginparsep=11.0pt
* \columnsep=10.0pt
* \skip\footins=7.0pt plus 11.0pt
* \hoffset=0.0pt
* \voffset=0.0pt
* \mag=1000
* \@twocolumnfalse
* \@twosidetrue
* \@mparswitchtrue
* \@reversemarginfalse
* (1in=72.27pt=25.4mm, 1cm=28.453pt)

ABD: EveryShipout initializing macros

! LaTeX Error: Can be used only in preamble.

See the LaTeX manual or LaTeX Companion for explanation.
Type  H <return>  for immediate help.
 ...                                              
                                                  
l.11 \begin{document}
                     
Your command was ignored.
Type  I <command> <return>  to replace it with another command,
or  <return>  to continue without it.

Missing character: There is no 机 in font [lmroman10-bold]:mapping=tex-text;!
Missing character: There is no 器 in font [lmroman10-bold]:mapping=tex-text;!
Missing character: There is no 学 in font [lmroman10-bold]:mapping=tex-text;!
Missing character: There is no 习 in font [lmroman10-bold]:mapping=tex-text;!
(./main.toc
Missing character: There is no 微 in font [lmroman10-regular]:mapping=tex-text;!
Missing character: There is no 积 in font [lmroman10-regular]:mapping=tex-text;!
Missing character: There is no 分 in font [lmroman10-regular]:mapping=tex-text;!
Missing character: There is no 微 in font [lmroman10-regular]:mapping=tex-text;!
Missing character: There is no 分 in font [lmroman10-regular]:mapping=tex-text;!
Missing character: There is no 学 in font [lmroman10-regular]:mapping=tex-text;!
Missing character: There is no 偏 in font [lmroman10-regular]:mapping=tex-text;!
Missing character: There is no 导 in font [lmroman10-regular]:mapping=tex-text;!
Missing character: There is no 数 in font [lmroman10-regular]:mapping=tex-text;!
Missing character: There is no 与 in font [lmroman10-regular]:mapping=tex-text;!
Missing character: There is no 导 in font [lmroman10-regular]:mapping=tex-text;!
Missing character: There is no 数 in font [lmroman10-regular]:mapping=tex-text;!
Missing character: There is no 积 in font [lmroman10-regular]:mapping=tex-text;!
Missing character: There is no 分 in font [lmroman10-regular]:mapping=tex-text;!
Missing character: There is no 学 in font [lmroman10-regular]:mapping=tex-text;!
Missing character: There is no 曲 in font [lmroman10-regular]:mapping=tex-text;!
Missing character: There is no 线 in font [lmroman10-regular]:mapping=tex-text;!
Missing character: There is no 积 in font [lmroman10-regular]:mapping=tex-text;!
Missing character: There is no 分 in font [lmroman10-regular]:mapping=tex-text;!
Missing character: There is no 与 in font [lmroman10-regular]:mapping=tex-text;!
Missing character: There is no 曲 in font [lmroman10-regular]:mapping=tex-text;!
Missing character: There is no 面 in font [lmroman10-regular]:mapping=tex-text;!
Missing character: There is no 积 in font [lmroman10-regular]:mapping=tex-text;!
Missing character: There is no 分 in font [lmroman10-regular]:mapping=tex-text;!
Missing character: There is no 级 in font [lmroman10-regular]:mapping=tex-text;!
Missing character: There is no 数 in font [lmroman10-regular]:mapping=tex-text;!
Missing character: There is no 学 in font [lmroman10-regular]:mapping=tex-text;!
Missing character: There is no 多 in font [lmroman10-regular]:mapping=tex-text;!
Missing character: There is no 元 in font [lmroman10-regular]:mapping=tex-text;!
Missing character: There is no 微 in font [lmroman10-regular]:mapping=tex-text;!
Missing character: There is no 积 in font [lmroman10-regular]:mapping=tex-text;!
Missing character: There is no 分 in font [lmroman10-regular]:mapping=tex-text;!
Missing character: There is no 的 in font [lmroman10-regular]:mapping=tex-text;!
Missing character: There is no 展 in font [lmroman10-regular]:mapping=tex-text;!
Missing character: There is no 开 in font [lmroman10-regular]:mapping=tex-text;!
Missing character: There is no 线 in font [lmroman10-regular]:mapping=tex-text;!
Missing character: There is no 性 in font [lmroman10-regular]:mapping=tex-text;!
Missing character: There is no 代 in font [lmroman10-regular]:mapping=tex-text;!
Missing character: There is no 数 in font [lmroman10-regular]:mapping=tex-text;!
Missing character: There is no 线 in font [lmroman10-regular]:mapping=tex-text;!
Missing character: There is no 性 in font [lmroman10-regular]:mapping=tex-text;!
Missing character: There is no 空 in font [lmroman10-regular]:mapping=tex-text;!
Missing character: There is no 间 in font [lmroman10-regular]:mapping=tex-text;!
Missing character: There is no 线 in font [lmroman10-regular]:mapping=tex-text;!
Missing character: There is no 性 in font [lmroman10-regular]:mapping=tex-text;!
Missing character: There is no 变 in font [lmroman10-regular]:mapping=tex-text;!
Missing character: There is no 换 in font [lmroman10-regular]:mapping=tex-text;!
Missing character: There is no 多 in font [lmroman10-regular]:mapping=tex-text;!
Missing character: There is no 线 in font [lmroman10-regular]:mapping=tex-text;!
Missing character: There is no 性 in font [lmroman10-regular]:mapping=tex-text;!
Missing character: There is no 代 in font [lmroman10-regular]:mapping=tex-text;!
Missing character: There is no 数 in font [lmroman10-regular]:mapping=tex-text;!
)
\tf@toc=\write5
\openout5 = `main.toc'.


(/usr/share/texlive/texmf-dist/tex/generic/stringenc/se-ascii-print.def
File: se-ascii-print.def 2019/11/29 v1.12 stringenc: Printable ASCII characters

)
[1]
\openout2 = `scr/chapter1/微积分.aux'.

 (./scr/chapter1/微积分.tex
Missing character: There is no 微 in font [lmromancaps10-regular]:mapping=tex-te
xt;!
Missing character: There is no 积 in font [lmromancaps10-regular]:mapping=tex-te
xt;!
Missing character: There is no 分 in font [lmromancaps10-regular]:mapping=tex-te
xt;!
Missing character: There is no 微 in font [lmroman10-bold]:mapping=tex-text;!
Missing character: There is no 分 in font [lmroman10-bold]:mapping=tex-text;!
Missing character: There is no 学 in font [lmroman10-bold]:mapping=tex-text;!
Missing character: There is no 偏 in font [lmroman10-bold]:mapping=tex-text;!
Missing character: There is no 导 in font [lmroman10-bold]:mapping=tex-text;!
Missing character: There is no 数 in font [lmroman10-bold]:mapping=tex-text;!
Missing character: There is no 与 in font [lmroman10-bold]:mapping=tex-text;!
Missing character: There is no 导 in font [lmroman10-bold]:mapping=tex-text;!
Missing character: There is no 数 in font [lmroman10-bold]:mapping=tex-text;!
Missing character: There is no 积 in font [lmroman10-bold]:mapping=tex-text;!
Missing character: There is no 分 in font [lmroman10-bold]:mapping=tex-text;!
Missing character: There is no 学 in font [lmroman10-bold]:mapping=tex-text;!
Missing character: There is no 曲 in font [lmroman10-bold]:mapping=tex-text;!
Missing character: There is no 线 in font [lmroman10-bold]:mapping=tex-text;!
Missing character: There is no 积 in font [lmroman10-bold]:mapping=tex-text;!
Missing character: There is no 分 in font [lmroman10-bold]:mapping=tex-text;!
Missing character: There is no 与 in font [lmroman10-bold]:mapping=tex-text;!
Missing character: There is no 曲 in font [lmroman10-bold]:mapping=tex-text;!
Missing character: There is no 面 in font [lmroman10-bold]:mapping=tex-text;!
Missing character: There is no 积 in font [lmroman10-bold]:mapping=tex-text;!
Missing character: There is no 分 in font [lmroman10-bold]:mapping=tex-text;!
Missing character: There is no 级 in font [lmromancaps10-regular]:mapping=tex-te
xt;!
Missing character: There is no 数 in font [lmromancaps10-regular]:mapping=tex-te
xt;!
Missing character: There is no 学 in font [lmromancaps10-regular]:mapping=tex-te
xt;!
)
Missing character: There is no 多 in font [lmroman10-bold]:mapping=tex-text;!
Missing character: There is no 元 in font [lmroman10-bold]:mapping=tex-text;!
Missing character: There is no 微 in font [lmroman10-bold]:mapping=tex-text;!
Missing character: There is no 积 in font [lmroman10-bold]:mapping=tex-text;!
Missing character: There is no 分 in font [lmroman10-bold]:mapping=tex-text;!
Missing character: There is no 的 in font [lmroman10-bold]:mapping=tex-text;!
Missing character: There is no 展 in font [lmroman10-bold]:mapping=tex-text;!
Missing character: There is no 开 in font [lmroman10-bold]:mapping=tex-text;!
Missing character: There is no 机 in font [lmroman7-regular]:mapping=tex-text;!
Missing character: There is no 器 in font [lmroman7-regular]:mapping=tex-text;!
Missing character: There is no 学 in font [lmroman7-regular]:mapping=tex-text;!
Missing character: There is no 习 in font [lmroman7-regular]:mapping=tex-text;!
 [2

]
\openout2 = `scr/chapter1/线性代数.aux'.

 (./scr/chapter1/线性代数.tex
Missing character: There is no 线 in font [lmromancaps10-regular]:mapping=tex-te
xt;!
Missing character: There is no 性 in font [lmromancaps10-regular]:mapping=tex-te
xt;!
Missing character: There is no 代 in font [lmromancaps10-regular]:mapping=tex-te
xt;!
Missing character: There is no 数 in font [lmromancaps10-regular]:mapping=tex-te
xt;!
Missing character: There is no 线 in font [lmroman10-regular]:mapping=tex-text;!
Missing character: There is no 性 in font [lmroman10-regular]:mapping=tex-text;!
Missing character: There is no 代 in font [lmroman10-regular]:mapping=tex-text;!
Missing character: There is no 数 in font [lmroman10-regular]:mapping=tex-text;!
Missing character: There is no 主 in font [lmroman10-regular]:mapping=tex-text;!
Missing character: There is no 要 in font [lmroman10-regular]:mapping=tex-text;!
Missing character: There is no 研 in font [lmroman10-regular]:mapping=tex-text;!
Missing character: There is no 究 in font [lmroman10-regular]:mapping=tex-text;!
Missing character: There is no 两 in font [lmroman10-regular]:mapping=tex-text;!
Missing character: There is no 部 in font [lmroman10-regular]:mapping=tex-text;!
Missing character: There is no 分 in font [lmroman10-regular]:mapping=tex-text;!
Missing character: There is no 内 in font [lmroman10-regular]:mapping=tex-text;!
Missing character: There is no 容 in font [lmroman10-regular]:mapping=tex-text;!
Missing character: There is no 线 in font [lmroman10-regular]:mapping=tex-text;!
Missing character: There is no 性 in font [lmroman10-regular]:mapping=tex-text;!
Missing character: There is no 空 in font [lmroman10-regular]:mapping=tex-text;!
Missing character: There is no 间 in font [lmroman10-regular]:mapping=tex-text;!
Missing character: There is no 和 in font [lmroman10-regular]:mapping=tex-text;!
Missing character: There is no 线 in font [lmroman10-regular]:mapping=tex-text;!
Missing character: There is no 性 in font [lmroman10-regular]:mapping=tex-text;!
Missing character: There is no 变 in font [lmroman10-regular]:mapping=tex-text;!
Missing character: There is no 换 in font [lmroman10-regular]:mapping=tex-text;!
Missing character: There is no 从 in font [lmroman10-regular]:mapping=tex-text;!
Missing character: There is no 几 in font [lmroman10-regular]:mapping=tex-text;!
Missing character: There is no 何 in font [lmroman10-regular]:mapping=tex-text;!
Missing character: There is no 的 in font [lmroman10-regular]:mapping=tex-text;!
Missing character: There is no 概 in font [lmroman10-regular]:mapping=tex-text;!
Missing character: There is no 念 in font [lmroman10-regular]:mapping=tex-text;!
Missing character: There is no 出 in font [lmroman10-regular]:mapping=tex-text;!
Missing character: There is no 发 in font [lmroman10-regular]:mapping=tex-text;!
Missing character: There is no 线 in font [lmroman10-regular]:mapping=tex-text;!
Missing character: There is no 性 in font [lmroman10-regular]:mapping=tex-text;!
Missing character: There is no 空 in font [lmroman10-regular]:mapping=tex-text;!
Missing character: There is no 间 in font [lmroman10-regular]:mapping=tex-text;!
Missing character: There is no 也 in font [lmroman10-regular]:mapping=tex-text;!
Missing character: There is no 叫 in font [lmroman10-regular]:mapping=tex-text;!
Missing character: There is no 向 in font [lmroman10-regular]:mapping=tex-text;!
Missing character: There is no 量 in font [lmroman10-regular]:mapping=tex-text;!
Missing character: There is no 空 in font [lmroman10-regular]:mapping=tex-text;!
Missing character: There is no 间 in font [lmroman10-regular]:mapping=tex-text;!
Missing character: There is no 向 in font [lmroman10-regular]:mapping=tex-text;!
Missing character: There is no 量 in font [lmroman10-regular]:mapping=tex-text;!
Missing character: There is no 和 in font [lmroman10-regular]:mapping=tex-text;!
Missing character: There is no 向 in font [lmroman10-regular]:mapping=tex-text;!
Missing character: There is no 量 in font [lmroman10-regular]:mapping=tex-text;!
Missing character: There is no 空 in font [lmroman10-regular]:mapping=tex-text;!
Missing character: There is no 间 in font [lmroman10-regular]:mapping=tex-text;!
Missing character: There is no 都 in font [lmroman10-regular]:mapping=tex-text;!
Missing character: There is no 是 in font [lmroman10-regular]:mapping=tex-text;!
Missing character: There is no 线 in font [lmroman10-regular]:mapping=tex-text;!
Missing character: There is no 性 in font [lmroman10-regular]:mapping=tex-text;!
Missing character: There is no 空 in font [lmroman10-regular]:mapping=tex-text;!
Missing character: There is no 间 in font [lmroman10-regular]:mapping=tex-text;!
Missing character: There is no 中 in font [lmroman10-regular]:mapping=tex-text;!
Missing character: There is no 的 in font [lmroman10-regular]:mapping=tex-text;!
Missing character: There is no 主 in font [lmroman10-regular]:mapping=tex-text;!
Missing character: There is no 要 in font [lmroman10-regular]:mapping=tex-text;!
Missing character: There is no 概 in font [lmroman10-regular]:mapping=tex-text;!
Missing character: There is no 念 in font [lmroman10-regular]:mapping=tex-text;!
Missing character: There is no 线 in font [lmroman10-regular]:mapping=tex-text;!
Missing character: There is no 性 in font [lmroman10-regular]:mapping=tex-text;!
Missing character: There is no 代 in font [lmroman10-regular]:mapping=tex-text;!
Missing character: There is no 数 in font [lmroman10-regular]:mapping=tex-text;!
Missing character: There is no 主 in font [lmroman10-regular]:mapping=tex-text;!
Missing character: There is no 要 in font [lmroman10-regular]:mapping=tex-text;!
Missing character: There is no 的 in font [lmroman10-regular]:mapping=tex-text;!
Missing character: There is no 概 in font [lmroman10-regular]:mapping=tex-text;!
Missing character: There is no 念 in font [lmroman10-regular]:mapping=tex-text;!
Missing character: There is no 是 in font [lmroman10-regular]:mapping=tex-text;!
Missing character: There is no 同 in font [lmroman10-regular]:mapping=tex-text;!
Missing character: There is no 构 in font [lmroman10-regular]:mapping=tex-text;!
Missing character: There is no 一 in font [lmroman10-regular]:mapping=tex-text;!
Missing character: There is no 般 in font [lmroman10-regular]:mapping=tex-text;!
Missing character: There is no 来 in font [lmroman10-regular]:mapping=tex-text;!
Missing character: There is no 讲 in font [lmroman10-regular]:mapping=tex-text;!
Missing character: There is no 所 in font [lmroman10-regular]:mapping=tex-text;!
Missing character: There is no 有 in font [lmroman10-regular]:mapping=tex-text;!
Missing character: There is no 的 in font [lmroman10-regular]:mapping=tex-text;!
Missing character: There is no 有 in font [lmroman10-regular]:mapping=tex-text;!
Missing character: There is no 限 in font [lmroman10-regular]:mapping=tex-text;!
Missing character: There is no 维 in font [lmroman10-regular]:mapping=tex-text;!
Missing character: There is no 空 in font [lmroman10-regular]:mapping=tex-text;!
Missing character: There is no 间 in font [lmroman10-regular]:mapping=tex-text;!
Missing character: There is no 都 in font [lmroman10-regular]:mapping=tex-text;!
Missing character: There is no 可 in font [lmroman10-regular]:mapping=tex-text;!
Missing character: There is no 以 in font [lmroman10-regular]:mapping=tex-text;!
Missing character: There is no 和 in font [lmroman10-regular]:mapping=tex-text;!
Missing character: There is no 同 in font [lmroman10-regular]:mapping=tex-text;!
Missing character: There is no 构 in font [lmroman10-regular]:mapping=tex-text;!
Missing character: There is no 所 in font [lmroman10-regular]:mapping=tex-text;!
Missing character: There is no 有 in font [lmroman10-regular]:mapping=tex-text;!
Missing character: There is no 维 in font [lmroman10-regular]:mapping=tex-text;!
Missing character: There is no 线 in font [lmroman10-regular]:mapping=tex-text;!
Missing character: There is no 性 in font [lmroman10-regular]:mapping=tex-text;!
Missing character: There is no 空 in font [lmroman10-regular]:mapping=tex-text;!
Missing character: There is no 间 in font [lmroman10-regular]:mapping=tex-text;!
Missing character: There is no 到 in font [lmroman10-regular]:mapping=tex-text;!
Missing character: There is no 自 in font [lmroman10-regular]:mapping=tex-text;!
Missing character: There is no 身 in font [lmroman10-regular]:mapping=tex-text;!
Missing character: There is no 的 in font [lmroman10-regular]:mapping=tex-text;!
Missing character: There is no 线 in font [lmroman10-regular]:mapping=tex-text;!
Missing character: There is no 性 in font [lmroman10-regular]:mapping=tex-text;!
Missing character: There is no 变 in font [lmroman10-regular]:mapping=tex-text;!
Missing character: There is no 换 in font [lmroman10-regular]:mapping=tex-text;!
Missing character: There is no 也 in font [lmroman10-regular]:mapping=tex-text;!
Missing character: There is no 可 in font [lmroman10-regular]:mapping=tex-text;!
Missing character: There is no 以 in font [lmroman10-regular]:mapping=tex-text;!
Missing character: There is no 构 in font [lmroman10-regular]:mapping=tex-text;!
Missing character: There is no 成 in font [lmroman10-regular]:mapping=tex-text;!
Missing character: There is no 一 in font [lmroman10-regular]:mapping=tex-text;!
Missing character: There is no 个 in font [lmroman10-regular]:mapping=tex-text;!
Missing character: There is no 线 in font [lmroman10-regular]:mapping=tex-text;!
Missing character: There is no 性 in font [lmroman10-regular]:mapping=tex-text;!
Missing character: There is no 空 in font [lmroman10-regular]:mapping=tex-text;!
Missing character: There is no 间 in font [lmroman10-regular]:mapping=tex-text;!
Missing character: There is no 并 in font [lmroman10-regular]:mapping=tex-text;!
Missing character: There is no 且 in font [lmroman10-regular]:mapping=tex-text;!
Missing character: There is no 可 in font [lmroman10-regular]:mapping=tex-text;!
Missing character: There is no 以 in font [lmroman10-regular]:mapping=tex-text;!
Missing character: There is no 和 in font [lmroman10-regular]:mapping=tex-text;!
Missing character: There is no 矩 in font [lmroman10-regular]:mapping=tex-text;!
Missing character: There is no 阵 in font [lmroman10-regular]:mapping=tex-text;!
Missing character: There is no 组 in font [lmroman10-regular]:mapping=tex-text;!
Missing character: There is no 成 in font [lmroman10-regular]:mapping=tex-text;!
Missing character: There is no 的 in font [lmroman10-regular]:mapping=tex-text;!
Missing character: There is no 线 in font [lmroman10-regular]:mapping=tex-text;!
Missing character: There is no 性 in font [lmroman10-regular]:mapping=tex-text;!
Missing character: There is no 空 in font [lmroman10-regular]:mapping=tex-text;!
Missing character: There is no 间 in font [lmroman10-regular]:mapping=tex-text;!
Missing character: There is no 同 in font [lmroman10-regular]:mapping=tex-text;!
Missing character: There is no 构 in font [lmroman10-regular]:mapping=tex-text;!
Missing character: There is no 所 in font [lmroman10-regular]:mapping=tex-text;!
Missing character: There is no 有 in font [lmroman10-regular]:mapping=tex-text;!
Missing character: There is no 维 in font [lmroman10-regular]:mapping=tex-text;!
Missing character: There is no 线 in font [lmroman10-regular]:mapping=tex-text;!
Missing character: There is no 性 in font [lmroman10-regular]:mapping=tex-text;!
Missing character: There is no 空 in font [lmroman10-regular]:mapping=tex-text;!
Missing character: There is no 间 in font [lmroman10-regular]:mapping=tex-text;!
Missing character: There is no 到 in font [lmroman10-regular]:mapping=tex-text;!
Missing character: There is no 维 in font [lmroman10-regular]:mapping=tex-text;!
Missing character: There is no 线 in font [lmroman10-regular]:mapping=tex-text;!
Missing character: There is no 性 in font [lmroman10-regular]:mapping=tex-text;!
Missing character: There is no 变 in font [lmroman10-regular]:mapping=tex-text;!
Missing character: There is no 换 in font [lmroman10-regular]:mapping=tex-text;!
Missing character: There is no 也 in font [lmroman10-regular]:mapping=tex-text;!
Missing character: There is no 可 in font [lmroman10-regular]:mapping=tex-text;!
Missing character: There is no 以 in font [lmroman10-regular]:mapping=tex-text;!
Missing character: There is no 构 in font [lmroman10-regular]:mapping=tex-text;!
Missing character: There is no 成 in font [lmroman10-regular]:mapping=tex-text;!
Missing character: There is no 一 in font [lmroman10-regular]:mapping=tex-text;!
Missing character: There is no 个 in font [lmroman10-regular]:mapping=tex-text;!
Missing character: There is no 线 in font [lmroman10-regular]:mapping=tex-text;!
Missing character: There is no 性 in font [lmroman10-regular]:mapping=tex-text;!
Missing character: There is no 空 in font [lmroman10-regular]:mapping=tex-text;!
Missing character: There is no 间 in font [lmroman10-regular]:mapping=tex-text;!
Missing character: There is no 并 in font [lmroman10-regular]:mapping=tex-text;!
Missing character: There is no 且 in font [lmroman10-regular]:mapping=tex-text;!
Missing character: There is no 可 in font [lmroman10-regular]:mapping=tex-text;!
Missing character: There is no 以 in font [lmroman10-regular]:mapping=tex-text;!
Missing character: There is no 和 in font [lmroman10-regular]:mapping=tex-text;!
Missing character: There is no 矩 in font [lmroman10-regular]:mapping=tex-text;!
Missing character: There is no 阵 in font [lmroman10-regular]:mapping=tex-text;!
Missing character: There is no 组 in font [lmroman10-regular]:mapping=tex-text;!
Missing character: There is no 成 in font [lmroman10-regular]:mapping=tex-text;!
Missing character: There is no 的 in font [lmroman10-regular]:mapping=tex-text;!
Missing character: There is no 线 in font [lmroman10-regular]:mapping=tex-text;!
Missing character: There is no 性 in font [lmroman10-regular]:mapping=tex-text;!
Missing character: There is no 空 in font [lmroman10-regular]:mapping=tex-text;!
Missing character: There is no 间 in font [lmroman10-regular]:mapping=tex-text;!
Missing character: There is no 同 in font [lmroman10-regular]:mapping=tex-text;!
Missing character: There is no 构 in font [lmroman10-regular]:mapping=tex-text;!

Overfull \hbox (23.49782pt too wide) in paragraph at lines 3--7
[]\TU/lmr/m/n/10 线性代数主要研究两部分内容,线性空间和线性变换.从几何的概念出发,线性空间也叫向量空间„向量和向量空间都是线性空间中的主要概
念. 线性代数主要的概念是同构,一般来讲,所有的有限维空间都可以和$\U/msb/m/n/10 R[]$\TU/lmr/m/n/10 同构, 所有$\OML/
cmm/m/it/10 n$\TU/lmr/m/n/10 维线性空间到自身的线性变换也可以构成一个线性空间,并且可以和$\OML/cmm/m/it/10 n 
\OMS/cmsy/m/n/10 ^^B \OML/cmm/m/it/10 n$\TU/lmr/m/n/10 矩阵组成的线性空间同构.
 []

Missing character: There is no 线 in font [lmroman10-bold]:mapping=tex-text;!
Missing character: There is no 性 in font [lmroman10-bold]:mapping=tex-text;!
Missing character: There is no 空 in font [lmroman10-bold]:mapping=tex-text;!
Missing character: There is no 间 in font [lmroman10-bold]:mapping=tex-text;!
Missing character: There is no 线 in font [lmroman10-italic]:mapping=tex-text;!
Missing character: There is no 性 in font [lmroman10-italic]:mapping=tex-text;!
Missing character: There is no 空 in font [lmroman10-italic]:mapping=tex-text;!
Missing character: There is no 间 in font [lmroman10-italic]:mapping=tex-text;!
Missing character: There is no 定 in font [lmroman10-bold]:mapping=tex-text;!
Missing character: There is no 义 in font [lmroman10-bold]:mapping=tex-text;!
Missing character: There is no 线 in font [lmroman10-regular]:mapping=tex-text;!
Missing character: There is no 性 in font [lmroman10-regular]:mapping=tex-text;!
Missing character: There is no 空 in font [lmroman10-regular]:mapping=tex-text;!
Missing character: There is no 间 in font [lmroman10-regular]:mapping=tex-text;!
Missing character: There is no 定 in font [lmroman10-bold]:mapping=tex-text;!
Missing character: There is no 义 in font [lmroman10-bold]:mapping=tex-text;!
Missing character: There is no 向 in font [lmroman10-regular]:mapping=tex-text;!
Missing character: There is no 量 in font [lmroman10-regular]:mapping=tex-text;!
Missing character: There is no 定 in font [lmroman10-bold]:mapping=tex-text;!
Missing character: There is no 义 in font [lmroman10-bold]:mapping=tex-text;!
Missing character: There is no 线 in font [lmroman10-regular]:mapping=tex-text;!
Missing character: There is no 性 in font [lmroman10-regular]:mapping=tex-text;!
Missing character: There is no 子 in font [lmroman10-regular]:mapping=tex-text;!
Missing character: There is no 空 in font [lmroman10-regular]:mapping=tex-text;!
Missing character: There is no 间 in font [lmroman10-regular]:mapping=tex-text;!
Missing character: There is no 线 in font [lmroman10-regular]:mapping=tex-text;!
Missing character: There is no 性 in font [lmroman10-regular]:mapping=tex-text;!
Missing character: There is no 空 in font [lmroman10-regular]:mapping=tex-text;!
Missing character: There is no 间 in font [lmroman10-regular]:mapping=tex-text;!
Missing character: There is no 的 in font [lmroman10-regular]:mapping=tex-text;!
Missing character: There is no 基 in font [lmroman10-regular]:mapping=tex-text;!
Missing character: There is no 和 in font [lmroman10-regular]:mapping=tex-text;!
Missing character: There is no 维 in font [lmroman10-regular]:mapping=tex-text;!
Missing character: There is no 数 in font [lmroman10-regular]:mapping=tex-text;!
Missing character: There is no 子 in font [lmroman10-regular]:mapping=tex-text;!
Missing character: There is no 空 in font [lmroman10-regular]:mapping=tex-text;!
Missing character: There is no 间 in font [lmroman10-regular]:mapping=tex-text;!
Missing character: There is no 线 in font [lmroman10-regular]:mapping=tex-text;!
Missing character: There is no 性 in font [lmroman10-regular]:mapping=tex-text;!
Missing character: There is no 空 in font [lmroman10-regular]:mapping=tex-text;!
Missing character: There is no 间 in font [lmroman10-regular]:mapping=tex-text;!
Missing character: There is no 的 in font [lmroman10-regular]:mapping=tex-text;!
Missing character: There is no 同 in font [lmroman10-regular]:mapping=tex-text;!
Missing character: There is no 构 in font [lmroman10-regular]:mapping=tex-text;!
Missing character: There is no 商 in font [lmroman10-regular]:mapping=tex-text;!
Missing character: There is no 空 in font [lmroman10-regular]:mapping=tex-text;!
Missing character: There is no 间 in font [lmroman10-regular]:mapping=tex-text;!
Missing character: There is no 有 in font [lmroman10-regular]:mapping=tex-text;!
Missing character: There is no 范 in font [lmroman10-regular]:mapping=tex-text;!
Missing character: There is no 数 in font [lmroman10-regular]:mapping=tex-text;!
Missing character: There is no 的 in font [lmroman10-regular]:mapping=tex-text;!
Missing character: There is no 线 in font [lmroman10-regular]:mapping=tex-text;!
Missing character: There is no 性 in font [lmroman10-regular]:mapping=tex-text;!
Missing character: There is no 空 in font [lmroman10-regular]:mapping=tex-text;!
Missing character: There is no 间 in font [lmroman10-regular]:mapping=tex-text;!
Missing character: There is no 有 in font [lmroman10-regular]:mapping=tex-text;!
Missing character: There is no 度 in font [lmroman10-regular]:mapping=tex-text;!
Missing character: There is no 量 in font [lmroman10-regular]:mapping=tex-text;!
Missing character: There is no 的 in font [lmroman10-regular]:mapping=tex-text;!
Missing character: There is no 线 in font [lmroman10-regular]:mapping=tex-text;!
Missing character: There is no 性 in font [lmroman10-regular]:mapping=tex-text;!
Missing character: There is no 空 in font [lmroman10-regular]:mapping=tex-text;!
Missing character: There is no 间 in font [lmroman10-regular]:mapping=tex-text;!
Missing character: There is no 欧 in font [lmroman10-regular]:mapping=tex-text;!
Missing character: There is no 几 in font [lmroman10-regular]:mapping=tex-text;!
Missing character: There is no 里 in font [lmroman10-regular]:mapping=tex-text;!
Missing character: There is no 德 in font [lmroman10-regular]:mapping=tex-text;!
Missing character: There is no 空 in font [lmroman10-regular]:mapping=tex-text;!
Missing character: There is no 间 in font [lmroman10-regular]:mapping=tex-text;!
Missing character: There is no 正 in font [lmroman10-regular]:mapping=tex-text;!
Missing character: There is no 交 in font [lmroman10-regular]:mapping=tex-text;!
Missing character: There is no 空 in font [lmroman10-regular]:mapping=tex-text;!
Missing character: There is no 间 in font [lmroman10-regular]:mapping=tex-text;!
Missing character: There is no 辛 in font [lmroman10-regular]:mapping=tex-text;!
Missing character: There is no 空 in font [lmroman10-regular]:mapping=tex-text;!
Missing character: There is no 间 in font [lmroman10-regular]:mapping=tex-text;!
Missing character: There is no 空 in font [lmroman10-regular]:mapping=tex-text;!
Missing character: There is no 间 in font [lmroman10-regular]:mapping=tex-text;!
Missing character: There is no 线 in font [lmroman10-bold]:mapping=tex-text;!
Missing character: There is no 性 in font [lmroman10-bold]:mapping=tex-text;!
Missing character: There is no 变 in font [lmroman10-bold]:mapping=tex-text;!
Missing character: There is no 换 in font [lmroman10-bold]:mapping=tex-text;!
Missing character: There is no 定 in font [lmroman10-bold]:mapping=tex-text;!
Missing character: There is no 义 in font [lmroman10-bold]:mapping=tex-text;!
Missing character: There is no 线 in font [lmroman10-regular]:mapping=tex-text;!
Missing character: There is no 性 in font [lmroman10-regular]:mapping=tex-text;!
Missing character: There is no 变 in font [lmroman10-regular]:mapping=tex-text;!
Missing character: There is no 换 in font [lmroman10-regular]:mapping=tex-text;!
Missing character: There is no 定 in font [lmroman10-bold]:mapping=tex-text;!
Missing character: There is no 义 in font [lmroman10-bold]:mapping=tex-text;!
Missing character: There is no 矩 in font [lmroman10-regular]:mapping=tex-text;!
Missing character: There is no 阵 in font [lmroman10-regular]:mapping=tex-text;!
Missing character: There is no 矩 in font [lmroman10-regular]:mapping=tex-text;!
Missing character: There is no 阵 in font [lmroman10-regular]:mapping=tex-text;!
Missing character: There is no 的 in font [lmroman10-regular]:mapping=tex-text;!
Missing character: There is no 特 in font [lmroman10-regular]:mapping=tex-text;!
Missing character: There is no 征 in font [lmroman10-regular]:mapping=tex-text;!
Missing character: There is no 值 in font [lmroman10-regular]:mapping=tex-text;!
Missing character: There is no 与 in font [lmroman10-regular]:mapping=tex-text;!
Missing character: There is no 特 in font [lmroman10-regular]:mapping=tex-text;!
Missing character: There is no 征 in font [lmroman10-regular]:mapping=tex-text;!
Missing character: There is no 向 in font [lmroman10-regular]:mapping=tex-text;!
Missing character: There is no 量 in font [lmroman10-regular]:mapping=tex-text;!
Missing character: There is no 矩 in font [lmroman10-regular]:mapping=tex-text;!
Missing character: There is no 阵 in font [lmroman10-regular]:mapping=tex-text;!
Missing character: There is no 的 in font [lmroman10-regular]:mapping=tex-text;!
Missing character: There is no 范 in font [lmroman10-regular]:mapping=tex-text;!
Missing character: There is no 数 in font [lmroman10-regular]:mapping=tex-text;!
Missing character: There is no 矩 in font [lmroman10-regular]:mapping=tex-text;!
Missing character: There is no 阵 in font [lmroman10-regular]:mapping=tex-text;!
Missing character: There is no 的 in font [lmroman10-regular]:mapping=tex-text;!
Missing character: There is no 相 in font [lmroman10-regular]:mapping=tex-text;!
Missing character: There is no 抵 in font [lmroman10-regular]:mapping=tex-text;!
Missing character: There is no 与 in font [lmroman10-regular]:mapping=tex-text;!
Missing character: There is no 相 in font [lmroman10-regular]:mapping=tex-text;!
Missing character: There is no 似 in font [lmroman10-regular]:mapping=tex-text;!
Missing character: There is no 矩 in font [lmroman10-regular]:mapping=tex-text;!
Missing character: There is no 阵 in font [lmroman10-regular]:mapping=tex-text;!
Missing character: There is no 的 in font [lmroman10-regular]:mapping=tex-text;!
Missing character: There is no 合 in font [lmroman10-regular]:mapping=tex-text;!
Missing character: There is no 同 in font [lmroman10-regular]:mapping=tex-text;!
Missing character: There is no 线 in font [lmroman10-regular]:mapping=tex-text;!
Missing character: There is no 性 in font [lmroman10-regular]:mapping=tex-text;!
Missing character: There is no 变 in font [lmroman10-regular]:mapping=tex-text;!
Missing character: There is no 换 in font [lmroman10-regular]:mapping=tex-text;!
Missing character: There is no 的 in font [lmroman10-regular]:mapping=tex-text;!
Missing character: There is no 不 in font [lmroman10-regular]:mapping=tex-text;!
Missing character: There is no 变 in font [lmroman10-regular]:mapping=tex-text;!
Missing character: There is no 子 in font [lmroman10-regular]:mapping=tex-text;!
Missing character: There is no 空 in font [lmroman10-regular]:mapping=tex-text;!
Missing character: There is no 间 in font [lmroman10-regular]:mapping=tex-text;!
Missing character: There is no 线 in font [lmroman10-regular]:mapping=tex-text;!
Missing character: There is no 性 in font [lmroman10-regular]:mapping=tex-text;!
Missing character: There is no 变 in font [lmroman10-regular]:mapping=tex-text;!
Missing character: There is no 换 in font [lmroman10-regular]:mapping=tex-text;!
Missing character: There is no 的 in font [lmroman10-regular]:mapping=tex-text;!
Missing character: There is no 标 in font [lmroman10-regular]:mapping=tex-text;!
Missing character: There is no 准 in font [lmroman10-regular]:mapping=tex-text;!
Missing character: There is no 型 in font [lmroman10-regular]:mapping=tex-text;!
Missing character: There is no 线 in font [lmroman10-regular]:mapping=tex-text;!
Missing character: There is no 性 in font [lmroman10-regular]:mapping=tex-text;!
Missing character: There is no 变 in font [lmroman10-regular]:mapping=tex-text;!
Missing character: There is no 换 in font [lmroman10-regular]:mapping=tex-text;!
Missing character: There is no 的 in font [lmroman10-regular]:mapping=tex-text;!
Missing character: There is no 有 in font [lmroman10-regular]:mapping=tex-text;!
Missing character: There is no 理 in font [lmroman10-regular]:mapping=tex-text;!
Missing character: There is no 标 in font [lmroman10-regular]:mapping=tex-text;!
Missing character: There is no 准 in font [lmroman10-regular]:mapping=tex-text;!
Missing character: There is no 型 in font [lmroman10-regular]:mapping=tex-text;!
Missing character: There is no 线 in font [lmroman10-regular]:mapping=tex-text;!
Missing character: There is no 性 in font [lmroman10-regular]:mapping=tex-text;!
Missing character: There is no 函 in font [lmroman10-regular]:mapping=tex-text;!
Missing character: There is no 数 in font [lmroman10-regular]:mapping=tex-text;!
Missing character: There is no 与 in font [lmroman10-regular]:mapping=tex-text;!
Missing character: There is no 对 in font [lmroman10-regular]:mapping=tex-text;!
Missing character: There is no 偶 in font [lmroman10-regular]:mapping=tex-text;!
Missing character: There is no 空 in font [lmroman10-regular]:mapping=tex-text;!
Missing character: There is no 间 in font [lmroman10-regular]:mapping=tex-text;!
Missing character: There is no 变 in font [lmroman10-regular]:mapping=tex-text;!
Missing character: There is no 换 in font [lmroman10-regular]:mapping=tex-text;!
Missing character: There is no 变 in font [lmroman10-regular]:mapping=tex-text;!
Missing character: There is no 换 in font [lmroman10-regular]:mapping=tex-text;!
Missing character: There is no 正 in font [lmroman10-regular]:mapping=tex-text;!
Missing character: There is no 规 in font [lmroman10-regular]:mapping=tex-text;!
Missing character: There is no 变 in font [lmroman10-regular]:mapping=tex-text;!
Missing character: There is no 换 in font [lmroman10-regular]:mapping=tex-text;!
Missing character: There is no 多 in font [lmroman10-bold]:mapping=tex-text;!
Missing character: There is no 线 in font [lmroman10-bold]:mapping=tex-text;!
Missing character: There is no 性 in font [lmroman10-bold]:mapping=tex-text;!
Missing character: There is no 代 in font [lmroman10-bold]:mapping=tex-text;!
Missing character: There is no 数 in font [lmroman10-bold]:mapping=tex-text;!
Missing character: There is no 多 in font [lmroman10-italic]:mapping=tex-text;!
Missing character: There is no 线 in font [lmroman10-italic]:mapping=tex-text;!
Missing character: There is no 性 in font [lmroman10-italic]:mapping=tex-text;!
Missing character: There is no 代 in font [lmroman10-italic]:mapping=tex-text;!
Missing character: There is no 数 in font [lmroman10-italic]:mapping=tex-text;!
Missing character: There is no 定 in font [lmroman10-bold]:mapping=tex-text;!
Missing character: There is no 义 in font [lmroman10-bold]:mapping=tex-text;!
Missing character: There is no 多 in font [lmroman10-regular]:mapping=tex-text;!
Missing character: There is no 线 in font [lmroman10-regular]:mapping=tex-text;!
Missing character: There is no 性 in font [lmroman10-regular]:mapping=tex-text;!
Missing character: There is no 代 in font [lmroman10-regular]:mapping=tex-text;!
Missing character: There is no 数 in font [lmroman10-regular]:mapping=tex-text;!
Missing character: There is no 张 in font [lmroman10-italic]:mapping=tex-text;!
Missing character: There is no 量 in font [lmroman10-italic]:mapping=tex-text;!
Missing character: There is no 定 in font [lmroman10-bold]:mapping=tex-text;!
Missing character: There is no 义 in font [lmroman10-bold]:mapping=tex-text;!
Missing character: There is no 张 in font [lmroman10-regular]:mapping=tex-text;!
Missing character: There is no 量 in font [lmroman10-regular]:mapping=tex-text;!
Missing character: There is no 例 in font [lmroman10-bold]:mapping=tex-text;!
Missing character: There is no 多 in font [lmroman10-regular]:mapping=tex-text;!
Missing character: There is no 元 in font [lmroman10-regular]:mapping=tex-text;!
Missing character: There is no 函 in font [lmroman10-regular]:mapping=tex-text;!
Missing character: There is no 数 in font [lmroman10-regular]:mapping=tex-text;!
Missing character: There is no 的 in font [lmroman10-regular]:mapping=tex-text;!
Missing character: There is no 任 in font [lmroman10-regular]:mapping=tex-text;!
Missing character: There is no 意 in font [lmroman10-regular]:mapping=tex-text;!
Missing character: There is no 解 in font [lmroman10-regular]:mapping=tex-text;!
Missing character: There is no 导 in font [lmroman10-regular]:mapping=tex-text;!
Missing character: There is no 数 in font [lmroman10-regular]:mapping=tex-text;!
)
Missing character: There is no 外 in font [lmroman10-italic]:mapping=tex-text;!
Missing character: There is no 代 in font [lmroman10-italic]:mapping=tex-text;!
Missing character: There is no 数 in font [lmroman10-italic]:mapping=tex-text;!
Missing character: There is no 机 in font [lmroman7-regular]:mapping=tex-text;!
Missing character: There is no 器 in font [lmroman7-regular]:mapping=tex-text;!
Missing character: There is no 学 in font [lmroman7-regular]:mapping=tex-text;!
Missing character: There is no 习 in font [lmroman7-regular]:mapping=tex-text;!
 [3


]
\openout2 = `scr/chapter1/概率论.tex.aux'.


No file scr/chapter1/概率论.tex.tex.
\openout2 = `scr/chapter1/数理统计.tex.aux'.

No file scr/chapter1/数理统计.tex.tex.
\openout2 = `scr/chapter1/信息论.tex.aux'.

No file scr/chapter1/信息论.tex.tex.
\openout2 = `scr/chapter1/随机过程.tex.aux'.

No file scr/chapter1/随机过程.tex.tex.
Package atveryend Info: Empty hook `BeforeClearDocument' on input line 40.
Package atveryend Info: Empty hook `AfterLastShipout' on input line 40.
(./main.aux (./scr/chapter1/微积分.aux) (./scr/chapter1/线性代数.aux)
(./scr/chapter1/概率论.tex.aux) (./scr/chapter1/数理统计.tex.aux)
(./scr/chapter1/信息论.tex.aux) (./scr/chapter1/随机过程.tex.aux))
Package atveryend Info: Empty hook `AtVeryEndDocument' on input line 40.
Package atveryend Info: Executing hook `AtEndAfterFileList' on input line 40.
Package rerunfilecheck Info: File `main.out' has not changed.
(rerunfilecheck)             Checksum: DC5EDA55EDF58A27BDD79FF4D32A847B;710.
Package atveryend Info: Empty hook `AtVeryVeryEnd' on input line 40.
 )
(\end occurred inside a group at level 1)

### semi simple group (level 1) entered at line 11 (\begingroup)
### bottom level 
Here is how much of TeX's memory you used:
 23371 strings out of 481804
 412419 string characters out of 5937876
 668415 words of memory out of 5000000
 39736 multiletter control sequences out of 15000+600000
 538899 words of font info for 61 fonts, out of 8000000 for 9000
 175 hyphenation exceptions out of 8191
 68i,6n,64p,963b,471s stack positions out of 5000i,500n,10000p,200000b,80000s

Output written on main.pdf (3 pages).
